Removed Pin From Net: NetName=GND Pin=Q1-1
Removed Pin From Net: NetName=3.3v Pin=Q1-2
Removed Pin From Net: NetName=GND Pin=Q2-1
Removed Pin From Net: NetName=3.3v Pin=Q2-2
Added Component: Designator=C4(C_0603)
Add component. Clean all parameters for all variants
Added Component: Designator=C5(C_0603)
Add component. Clean all parameters for all variants
Added Pin To Net: NetName=GND Pin=C4-1
Added Pin To Net: NetName=3.3v Pin=C4-2
Added Pin To Net: NetName=GND Pin=C5-1
Added Pin To Net: NetName=3.3v Pin=C5-2
Added Pin To Net: NetName=3.3v Pin=Q1-1
Added Pin To Net: NetName=GND Pin=Q1-2
Added Pin To Net: NetName=3.3v Pin=Q2-1
Added Pin To Net: NetName=GND Pin=Q2-2
Added Member To Class: ClassName=Sheet1 Member=Component C4 CAP
Added Member To Class: ClassName=Sheet1 Member=Component C5 CAP
Added Member To Class: ClassName=Sheet1 Member=Component C? CAP
Added Room: Name=Sheet1
