Removed Pin From Net: NetName=PWMB Pin=*3-39
Removed Pin From Net: NetName=PWMA Pin=*3-40
Removed Pin From Net: NetName=AIN2 Pin=*3-41
Removed Pin From Net: NetName=AIN1 Pin=*3-42
Removed Pin From Net: NetName=STBY Pin=*3-43
Removed Pin From Net: NetName=BIN1 Pin=*3-45
Removed Pin From Net: NetName=BIN2 Pin=*3-46
Added Component: Designator=C4(C_0603)
Add component. Clean all parameters for all variants
Added Component: Designator=C5(C_0603)
Add component. Clean all parameters for all variants
Added Component: Designator=D2(LED_0603)
Add component. Clean all parameters for all variants
Add component (AddParameter): Name = "PCB DECAL"; Value = "LED_0603"; VariantName = "[No Variations]"
Add component (AddParameter): Name = "Value"; Value = "BLUE"; VariantName = "[No Variations]"
Added Component: Designator=R7(R_0603)
Add component. Clean all parameters for all variants
Added Pin To Net: NetName=PWMA Pin=*3-39
Added Pin To Net: NetName=AIN2 Pin=*3-40
Added Pin To Net: NetName=AIN1 Pin=*3-41
Added Pin To Net: NetName=STBY Pin=*3-42
Added Pin To Net: NetName=BIN1 Pin=*3-43
Added Pin To Net: NetName=BIN2 Pin=*3-45
Added Pin To Net: NetName=PWMB Pin=*3-46
Added Pin To Net: NetName=GND Pin=C4-1
Added Pin To Net: NetName=3.3v Pin=C4-2
Added Pin To Net: NetName=GND Pin=C5-1
Added Pin To Net: NetName=3.3v Pin=C5-2
Added Pin To Net: NetName=NetD2_1 Pin=D2-1
Added Pin To Net: NetName=LED2 Pin=D2-2
Added Pin To Net: NetName=NetD2_1 Pin=R7-1
Added Pin To Net: NetName=3.3v Pin=R7-2
Added Member To Class: ClassName=Sheet1 Member=Component C4 CAP
Added Member To Class: ClassName=Sheet1 Member=Component C5 CAP
Added Member To Class: ClassName=Sheet1 Member=Component C? CAP
Added Member To Class: ClassName=Sheet1 Member=Component D2 LED
Added Member To Class: ClassName=Sheet1 Member=Component R7 RES
Added Room: Name=Sheet1
