Removed Pin From Net: NetName=LED1 Pin=*3-12
Removed Pin From Net: NetName=LED2 Pin=*3-13
Removed Pin From Net: NetName=LED3 Pin=*3-14
Removed Pin From Net: NetName=LED4 Pin=*3-15
Removed Pin From Net: NetName=PWMB Pin=*3-21
Removed Pin From Net: NetName=SW1 Pin=*3-29
Removed Pin From Net: NetName=SW2 Pin=*3-32
Removed Pin From Net: NetName=SW3 Pin=*3-33
Removed Pin From Net: NetName=SW4 Pin=*3-38
Added Pin To Net: NetName=SW1 Pin=*3-12
Added Pin To Net: NetName=SW2 Pin=*3-13
Added Pin To Net: NetName=SW3 Pin=*3-14
Added Pin To Net: NetName=SW4 Pin=*3-15
Added Pin To Net: NetName=LED1 Pin=*3-21
Added Pin To Net: NetName=LED2 Pin=*3-22
Added Pin To Net: NetName=LED3 Pin=*3-25
Added Pin To Net: NetName=LED4 Pin=*3-26
Added Pin To Net: NetName=PWMB Pin=*3-39
Added Member To Class: ClassName=Sheet1 Member=Component C? CAP
Added Room: Name=Sheet1
