Change Component Designator: Old Designator=*? New Designator=*1
Change Component Designator: Old Designator=*? New Designator=*2
Change Component Designator: Old Designator=*? New Designator=*3
Change Component Designator: Old Designator=*? New Designator=*4
Change Component Designator: Old Designator=*? New Designator=*5
Change Component Designator: Old Designator=*? New Designator=*6
Change Component Designator: Old Designator=*? New Designator=*7
Change Component Designator: Old Designator=*? New Designator=*8
Change Component Designator: Old Designator=*? New Designator=*9
Change Component Designator: Old Designator=*? New Designator=*10
Change Component Designator: Old Designator=*? New Designator=*11
Change Component Designator: Old Designator=*? New Designator=*12
Change Component Designator: Old Designator=C? New Designator=C1
Change Component Designator: Old Designator=C? New Designator=C2
Change Component Designator: Old Designator=D? New Designator=D1
Change Component Designator: Old Designator=D? New Designator=D2
Change Component Designator: Old Designator=D? New Designator=D3
Change Component Designator: Old Designator=D? New Designator=D4
Change Component Designator: Old Designator=J? New Designator=J1
Change Component Designator: Old Designator=L? New Designator=L1
Change Component Designator: Old Designator=Q? New Designator=Q1
Change Component Designator: Old Designator=Q? New Designator=Q2
Change Component Designator: Old Designator=R? New Designator=R1
Change Component Designator: Old Designator=R? New Designator=R2
Change Component Designator: Old Designator=R? New Designator=R3
Change Component Designator: Old Designator=R? New Designator=R4
Change Component Designator: Old Designator=R? New Designator=R5
Change Component Designator: Old Designator=R? New Designator=R6
Change Component Designator: Old Designator=R? New Designator=R7
Change Component Designator: Old Designator=R? New Designator=R8
Change Component Designator: Old Designator=R? New Designator=R9
Change Component Designator: Old Designator=Y? New Designator=Y1
